<?xml version="1.0" encoding="utf-8"?><testsuites name="pytest tests"><testsuite name="pytest" errors="0" failures="0" skipped="0" tests="15" time="71.536" timestamp="2026-04-24T12:08:11.234010+00:00" hostname="agent-env-3d244dbd-3a59-4ea7-aaf6-285f8bedbd3a"><testcase classname="backend.tests.backend_test.TestProfile" name="test_get_profile_default" time="0.199" /><testcase classname="backend.tests.backend_test.TestProfile" name="test_put_profile_updates" time="0.144" /><testcase classname="backend.tests.backend_test.TestStudySetCreate" name="test_create_topic_set" time="25.209" /><testcase classname="backend.tests.backend_test.TestStudySetCreate" name="test_create_notes_set" time="21.890" /><testcase classname="backend.tests.backend_test.TestStudySetCreate" name="test_create_pdf_set" time="21.363" /><testcase classname="backend.tests.backend_test.TestStudySetCreate" name="test_create_invalid_source_type" time="0.047" /><testcase classname="backend.tests.backend_test.TestStudySetRead" name="test_list_study_sets" time="0.051" /><testcase classname="backend.tests.backend_test.TestStudySetRead" name="test_get_study_set_by_id" time="0.053" /><testcase classname="backend.tests.backend_test.TestStudySetRead" name="test_get_nonexistent_set_404" time="0.053" /><testcase classname="backend.tests.backend_test.TestQuizSubmit" name="test_submit_all_correct" time="0.069" /><testcase classname="backend.tests.backend_test.TestQuizSubmit" name="test_submit_wrong_length" time="0.047" /><testcase classname="backend.tests.backend_test.TestChat" name="test_chat_returns_reply" time="2.001" /><testcase classname="backend.tests.backend_test.TestStats" name="test_stats_returns_expected" time="0.054" /><testcase classname="backend.tests.backend_test.TestStudySetDelete" name="test_delete_study_set_and_404_after" time="0.094" /><testcase classname="backend.tests.backend_test.TestStudySetDelete" name="test_delete_nonexistent_404" time="0.146" /></testsuite></testsuites>